c:\mgu\proga\github\interpreter\build\main.dir\debug\vc143.pdb
c:\mgu\proga\github\interpreter\build\main.dir\debug\visitor.obj
c:\mgu\proga\github\interpreter\build\main.dir\debug\vis_print.obj
c:\mgu\proga\github\interpreter\build\main.dir\debug\types.obj
c:\mgu\proga\github\interpreter\build\main.dir\debug\parser.obj
c:\mgu\proga\github\interpreter\build\main.dir\debug\main.obj
c:\mgu\proga\github\interpreter\build\main.dir\debug\lexer.obj
c:\mgu\proga\github\interpreter\build\cmakefiles\generate.stamp
c:\mgu\proga\github\interpreter\build\main.dir\debug\main.ilk
c:\mgu\proga\github\interpreter\build\build\bin\debug\main.exe
c:\mgu\proga\github\interpreter\build\build\bin\debug\main.pdb
c:\mgu\proga\github\interpreter\build\main.dir\debug\main.tlog\cl.command.1.tlog
c:\mgu\proga\github\interpreter\build\main.dir\debug\main.tlog\cl.items.tlog
c:\mgu\proga\github\interpreter\build\main.dir\debug\main.tlog\cl.read.1.tlog
c:\mgu\proga\github\interpreter\build\main.dir\debug\main.tlog\cl.write.1.tlog
c:\mgu\proga\github\interpreter\build\main.dir\debug\main.tlog\custombuild.command.1.tlog
c:\mgu\proga\github\interpreter\build\main.dir\debug\main.tlog\custombuild.read.1.tlog
c:\mgu\proga\github\interpreter\build\main.dir\debug\main.tlog\custombuild.write.1.tlog
c:\mgu\proga\github\interpreter\build\main.dir\debug\main.tlog\link.command.1.tlog
c:\mgu\proga\github\interpreter\build\main.dir\debug\main.tlog\link.read.1.tlog
c:\mgu\proga\github\interpreter\build\main.dir\debug\main.tlog\link.write.1.tlog
